<?xml version="1.0" encoding="UTF-8"?>
<testng-results ignored="0" total="1" passed="1" failed="0" skipped="0">
  <reporter-output>
  </reporter-output>
  <suite started-at="2021-10-17T15:22:43 IST" name="Suite" finished-at="2021-10-17T15:22:56 IST" duration-ms="12931">
    <groups>
    </groups>
    <test started-at="2021-10-17T15:22:43 IST" name="Test" finished-at="2021-10-17T15:22:56 IST" duration-ms="12931">
      <class name="xmpParametervalue.EnterXmlValue">
        <test-method signature="Setup(java.lang.String,java.lang.String)[pri:0, instance:xmpParametervalue.EnterXmlValue@7f010382]" started-at="2021-10-17T15:22:43 IST" name="Setup" finished-at="2021-10-17T15:22:56 IST" duration-ms="12854" status="PASS">
          <params>
            <param index="0">
              <value>
                <![CDATA[Admin]]>
              </value>
            </param>
            <param index="1">
              <value>
                <![CDATA[admin123]]>
              </value>
            </param>
          </params>
          <reporter-output>
          </reporter-output>
        </test-method> <!-- Setup -->
      </class> <!-- xmpParametervalue.EnterXmlValue -->
    </test> <!-- Test -->
  </suite> <!-- Suite -->
</testng-results>
